<?xml version="1.0" encoding="UTF-8"?>
<!-- Generated by org.testng.reporters.JUnitXMLReporter -->
<testsuite hostname="JREDDY.local" ignored="208" name="FarmerApp Automation Suite" tests="53" failures="0" timestamp="16 Feb 2023 09:25:20 GMT" time="1485.779" errors="0">
  <testcase name="changeLanguage" time="19.944" classname="com.farmer.scripts.Login.TC_001_LAN_Perform_Change_Language_Test"/>
  <testcase name="sigin_InvalidCredentials" time="65.266" classname="com.farmer.scripts.Login.TC_001_SignIn_InvalidLogin_Test"/>
  <testcase name="signIn_validCredentials" time="27.287" classname="com.farmer.scripts.Login.TC_002_SignIn_ValidLogin_Test"/>
  <testcase name="quickActionMenu" time="0.541" classname="tests.TC2_ValidateQuickActionsTest"/>
  <testcase name="hamBurgerMenu" time="14.532" classname="tests.TC3_ValidateHamBurgerMenuTest"/>
  <testcase name="validateSOA" time="18.363" classname="tests.TC6_ValidateStatementOfAccountTest"/>
  <testcase name="verifyDashBoardStockDetails" time="3.494" classname="tests.TC8_VerifyDashDoard_StockDetails_Test"/>
  <testcase name="validateMyRewards" time="5.008" classname="tests.TC9_ValidateRewards_Test"/>
  <testcase name="warehouseRequest_NoRecord" time="20.536" classname="com.farmer.scripts.WarehouseRequest.TC_001_WH_Verify_Screen_If_No_Records_Are_Avaliable_Test"/>
  <testcase name="wareHouse_SellNow" time="111.118" classname="com.farmer.scripts.WarehouseRequest.TC_002_WH_Create_Sell_Now_Request_and_verify_ATR_Test"/>
  <testcase name="wareHouse_WareHouseRequest" time="76.746" classname="com.farmer.scripts.WarehouseRequest.TC_003_WH_Create_Sell_Later_Request_and_verify_ATR_Test"/>
  <testcase name="WH_ViewDetails" time="10.444" classname="com.farmer.scripts.WarehouseRequest.TC_004_ViewDetails_Test"/>
  <testcase name="WH_EditATR" time="20.819" classname="com.farmer.scripts.WarehouseRequest.TC_005_EditATR_Test"/>
  <testcase name="wareHouse_Request_Sort_By_Old_Request" time="10.008" classname="com.farmer.scripts.WarehouseRequest.TC_006_WH_Verify_Sorting_Operation_By_Oldest_Request_Test"/>
  <testcase name="wareHouse_Request_Sort_By_Recent_Request" time="8.43" classname="com.farmer.scripts.WarehouseRequest.TC_007_WH_Verify_Sorting_Operation_By_Recent_Request_Test"/>
  <testcase name="wareHouse_Request_Filter_Operation" time="59.702" classname="com.farmer.scripts.WarehouseRequest.TC_008_WH_Verify_Filter_Operation_Test"/>
  <testcase name="WH_Search_ATR" time="14.438" classname="com.farmer.scripts.WarehouseRequest.TC_009_Search_ATR_Test"/>
  <testcase name="stockRelease_NoRecord" time="17.575" classname="com.farmer.scripts.StockReleaseRequest.TC_001_SRR_Verify_Screen_When_SR_Screen_Is_Empty_Test"/>
  <testcase name="stockReleaseRequest_Self" time="73.43" classname="com.farmer.scripts.StockReleaseRequest.TC_002_SRR_Creating_New_SR_Request_Self_Test"/>
  <testcase name="stockReleaseRequest_Sell" time="58.601" classname="com.farmer.scripts.StockReleaseRequest.TC_003_SRR_Creating_New_SR_Request_Sell_Test"/>
  <testcase name="stockReleaseRequest_ViewDetails" time="20.876" classname="com.farmer.scripts.StockReleaseRequest.TC_004_SRR_ATR_View_Details_Test"/>
  <testcase name="stockReleaseRequest_EditDetails" time="36.093" classname="com.farmer.scripts.StockReleaseRequest.TC_005_SRR_ATR_Edit_Details_Test"/>
  <testcase name="stockReleaseRequest_Request_Sort_By_Old_Request" time="7.547" classname="com.farmer.scripts.StockReleaseRequest.TC_006_SSR_Sort_By_Oldest_Request_Test"/>
  <testcase name="stockReleaseRequest_Request_Sort_By_Recent_Request" time="3.9" classname="com.farmer.scripts.StockReleaseRequest.TC_007_SSR_Sort_By_Recent_Request_Test"/>
  <testcase name="stockReleaseRequest" time="64.606" classname="com.farmer.scripts.StockReleaseRequest.TC_008_SRR_Verify_Filter_Operation_Test"/>
  <testcase name="salesRequest_NoRecord" time="8.222" classname="com.farmer.scripts.SaleRequest.TC_001_SR_Verify_Screen_If_No_Records_Are_Avaliable_Test"/>
  <testcase name="salesRequest_NewRequest" time="51.538" classname="com.farmer.scripts.SaleRequest.TC_002_SR_Create_New_Sales_Request_Test"/>
  <testcase name="salesRequest_OpenTab" time="9.013" classname="com.farmer.scripts.SaleRequest.TC_003_SR_Verify_Sale_Request_OpenTab_Test"/>
  <testcase name="salesRequest_HistoryTab" time="10.581" classname="com.farmer.scripts.SaleRequest.TC_004_SR_Verify_Sale_Request_History_Tab_Test"/>
  <testcase name="salesRequest_SortHistoryTab" time="16.061" classname="com.farmer.scripts.SaleRequest.TC_005_SR_Verify_SortingOrder_Historytab_Test"/>
  <testcase name="salesRequest_SortOpenTab" time="15.218" classname="com.farmer.scripts.SaleRequest.TC_006_SR_Verify_SortingOrder_OpenTab_Test"/>
  <testcase name="salesRequest_FilterOperation_OpenTab" time="56.837" classname="com.farmer.scripts.SaleRequest.TC_007_SR_Verify_FilterOperation_Opentab_Test"/>
  <testcase name="salesRequestCancel_OpenTab" time="12.381" classname="com.farmer.scripts.SaleRequest.TC_005_SR_Verify_Cancel_Option_Opentab_Test"/>
  <testcase name="salesRequest_HistoryTab" time="9.697" classname="com.farmer.scripts.SaleRequest.TC_008_SR_Verify_Sale_Request_History_Tab_Test"/>
  <testcase name="salesRequest_SortHistoryTab" time="17.022" classname="com.farmer.scripts.SaleRequest.TC_009_SR_Verify_SortingOrder_Historytab_Test"/>
  <testcase name="salesRequest_FilterOperation_HistoryTab" time="47.596" classname="com.farmer.scripts.SaleRequest.TC_010_SR_Verify_FilterOperation_Historytab_Test"/>
  <testcase name="offers_No_Offers" time="16.826" classname="com.farmer.scripts.Offers.TC_001_Offers_Verify_No_Offers_Test"/>
  <testcase name="offers_HistoryTab" time="14.135" classname="com.farmer.scripts.Offers.TC_002_Offers_Verify_HistoryTab_Test"/>
  <testcase name="offers_AcceptOffer" time="18.044" classname="com.farmer.scripts.Offers.TC_003_Offers_Verify_If_Usr_can_AcceptOffer_Test"/>
  <testcase name="advancePaymentRequest_NoRecord" time="18.047" classname="com.farmer.scripts.AdvancePayment.TC_001_AP_Verify_Screen_If_No_Records_Are_Avaliable_Test"/>
  <testcase name="advanvePayment_NoProduct" time="17.992" classname="com.farmer.scripts.AdvancePayment.TC_002_AP_Verify_When_There_Are_No_Products_Available_Test"/>
  <testcase name="advancePaymentRequest_RequestAmount" time="42.693" classname="com.farmer.scripts.AdvancePayment.TC_003_AP_Verify_The_Amount_Farmer_Is_Eligible_To_Request_Test"/>
  <testcase name="advancePaymentsRequest_ProductAvaliable" time="36.848" classname="com.farmer.scripts.AdvancePayment.TC_004_AP_Create_New_Payment_Request_If_There_Are_Products_Available_Test"/>
  <testcase name="advancePayments_Request_Sort_By_Old_Request" time="8.527" classname="com.farmer.scripts.AdvancePayment.TC_005_AP_Verify_Sorting_Operation_Sort_By_Oldest_Request_Test"/>
  <testcase name="advancePayments_Request_Sort_By_Recent_Request" time="6.544" classname="com.farmer.scripts.AdvancePayment.TC_006_AP_Verify_Sorting_Operation_Sort_By_Recent_Request_Test"/>
  <testcase name="advancePayments_Filter_Operation" time="95.265" classname="com.farmer.scripts.AdvancePayment.TC_007_AP_Verify_Filter_Operation_Test"/>
  <testcase name="validate_SOA" time="26.17" classname="com.farmer.scripts.SOA.TC_001_SOA_Validate_StatementofAccounts_Test"/>
  <testcase name="soa_ValidateQuantity" time="33.346" classname="com.farmer.scripts.SOA.TC_002_SOA_Validate_Quantity_Screen_Test"/>
  <testcase name="soa_ValidateFinancials" time="10.485" classname="com.farmer.scripts.SOA.TC_003_SOA_Validate_Financials_Screen_Test"/>
  <testcase name="soa_ValidateDate" time="35.578" classname="com.farmer.scripts.SOA.TC_004_SOA_Validate_Date_Test"/>
  <testcase name="profile_VerifyScreen" time="8.576" classname="com.farmer.scripts.MyProfile.TC_001_Profile_Verify_ProfileScreen_Test"/>
  <testcase name="profile_Edit" time="29.011" classname="com.farmer.scripts.MyProfile.TC_002_Profile_Edit_Test"/>
  <testcase name="logout" time="25.26" classname="com.farmer.scripts.Login.TC_003_Logout_Test"/>
  <testcase name="@AfterTest tearDown" time="0.0" classname="generic.BaseTest">
    <ignored/>
  </testcase> <!-- @AfterTest tearDown -->
  <testcase name="@AfterTest tearDown" time="0.0" classname="generic.BaseTest">
    <ignored/>
  </testcase> <!-- @AfterTest tearDown -->
  <testcase name="@AfterTest tearDown" time="0.0" classname="generic.BaseTest">
    <ignored/>
  </testcase> <!-- @AfterTest tearDown -->
  <testcase name="@AfterTest tearDown" time="0.0" classname="generic.BaseTest">
    <ignored/>
  </testcase> <!-- @AfterTest tearDown -->
  <testcase name="@AfterTest tearDown" time="0.0" classname="generic.BaseTest">
    <ignored/>
  </testcase> <!-- @AfterTest tearDown -->
  <testcase name="@AfterTest tearDown" time="0.0" classname="generic.BaseTest">
    <ignored/>
  </testcase> <!-- @AfterTest tearDown -->
  <testcase name="@AfterTest tearDown" time="0.0" classname="generic.BaseTest">
    <ignored/>
  </testcase> <!-- @AfterTest tearDown -->
  <testcase name="@AfterTest tearDown" time="0.0" classname="generic.BaseTest">
    <ignored/>
  </testcase> <!-- @AfterTest tearDown -->
  <testcase name="@AfterTest tearDown" time="0.0" classname="generic.BaseTest">
    <ignored/>
  </testcase> <!-- @AfterTest tearDown -->
  <testcase name="@AfterTest tearDown" time="0.0" classname="generic.BaseTest">
    <ignored/>
  </testcase> <!-- @AfterTest tearDown -->
  <testcase name="@AfterTest tearDown" time="0.0" classname="generic.BaseTest">
    <ignored/>
  </testcase> <!-- @AfterTest tearDown -->
  <testcase name="@AfterTest tearDown" time="0.0" classname="generic.BaseTest">
    <ignored/>
  </testcase> <!-- @AfterTest tearDown -->
  <testcase name="@AfterTest tearDown" time="0.0" classname="generic.BaseTest">
    <ignored/>
  </testcase> <!-- @AfterTest tearDown -->
  <testcase name="@AfterTest tearDown" time="0.0" classname="generic.BaseTest">
    <ignored/>
  </testcase> <!-- @AfterTest tearDown -->
  <testcase name="@AfterTest tearDown" time="0.0" classname="generic.BaseTest">
    <ignored/>
  </testcase> <!-- @AfterTest tearDown -->
  <testcase name="@AfterTest tearDown" time="0.0" classname="generic.BaseTest">
    <ignored/>
  </testcase> <!-- @AfterTest tearDown -->
  <testcase name="@AfterTest tearDown" time="0.0" classname="generic.BaseTest">
    <ignored/>
  </testcase> <!-- @AfterTest tearDown -->
  <testcase name="@AfterTest tearDown" time="0.0" classname="generic.BaseTest">
    <ignored/>
  </testcase> <!-- @AfterTest tearDown -->
  <testcase name="@AfterTest tearDown" time="0.0" classname="generic.BaseTest">
    <ignored/>
  </testcase> <!-- @AfterTest tearDown -->
  <testcase name="@AfterTest tearDown" time="0.0" classname="generic.BaseTest">
    <ignored/>
  </testcase> <!-- @AfterTest tearDown -->
  <testcase name="@AfterTest tearDown" time="0.0" classname="generic.BaseTest">
    <ignored/>
  </testcase> <!-- @AfterTest tearDown -->
  <testcase name="@AfterTest tearDown" time="0.0" classname="generic.BaseTest">
    <ignored/>
  </testcase> <!-- @AfterTest tearDown -->
  <testcase name="@AfterTest tearDown" time="0.0" classname="generic.BaseTest">
    <ignored/>
  </testcase> <!-- @AfterTest tearDown -->
  <testcase name="@AfterTest tearDown" time="0.0" classname="generic.BaseTest">
    <ignored/>
  </testcase> <!-- @AfterTest tearDown -->
  <testcase name="@AfterTest tearDown" time="0.0" classname="generic.BaseTest">
    <ignored/>
  </testcase> <!-- @AfterTest tearDown -->
  <testcase name="@AfterTest tearDown" time="0.0" classname="generic.BaseTest">
    <ignored/>
  </testcase> <!-- @AfterTest tearDown -->
  <testcase name="@AfterTest tearDown" time="0.0" classname="generic.BaseTest">
    <ignored/>
  </testcase> <!-- @AfterTest tearDown -->
  <testcase name="@AfterTest tearDown" time="0.0" classname="generic.BaseTest">
    <ignored/>
  </testcase> <!-- @AfterTest tearDown -->
  <testcase name="@AfterTest tearDown" time="0.0" classname="generic.BaseTest">
    <ignored/>
  </testcase> <!-- @AfterTest tearDown -->
  <testcase name="@AfterTest tearDown" time="0.0" classname="generic.BaseTest">
    <ignored/>
  </testcase> <!-- @AfterTest tearDown -->
  <testcase name="@AfterTest tearDown" time="0.0" classname="generic.BaseTest">
    <ignored/>
  </testcase> <!-- @AfterTest tearDown -->
  <testcase name="@AfterTest tearDown" time="0.0" classname="generic.BaseTest">
    <ignored/>
  </testcase> <!-- @AfterTest tearDown -->
  <testcase name="@AfterTest tearDown" time="0.0" classname="generic.BaseTest">
    <ignored/>
  </testcase> <!-- @AfterTest tearDown -->
  <testcase name="@AfterTest tearDown" time="0.0" classname="generic.BaseTest">
    <ignored/>
  </testcase> <!-- @AfterTest tearDown -->
  <testcase name="@AfterTest tearDown" time="0.0" classname="generic.BaseTest">
    <ignored/>
  </testcase> <!-- @AfterTest tearDown -->
  <testcase name="@AfterTest tearDown" time="0.0" classname="generic.BaseTest">
    <ignored/>
  </testcase> <!-- @AfterTest tearDown -->
  <testcase name="@AfterTest tearDown" time="0.0" classname="generic.BaseTest">
    <ignored/>
  </testcase> <!-- @AfterTest tearDown -->
  <testcase name="@AfterTest tearDown" time="0.0" classname="generic.BaseTest">
    <ignored/>
  </testcase> <!-- @AfterTest tearDown -->
  <testcase name="@AfterTest tearDown" time="0.0" classname="generic.BaseTest">
    <ignored/>
  </testcase> <!-- @AfterTest tearDown -->
  <testcase name="@AfterTest tearDown" time="0.0" classname="generic.BaseTest">
    <ignored/>
  </testcase> <!-- @AfterTest tearDown -->
  <testcase name="@AfterTest tearDown" time="0.0" classname="generic.BaseTest">
    <ignored/>
  </testcase> <!-- @AfterTest tearDown -->
  <testcase name="@AfterTest tearDown" time="0.0" classname="generic.BaseTest">
    <ignored/>
  </testcase> <!-- @AfterTest tearDown -->
  <testcase name="@AfterTest tearDown" time="0.0" classname="generic.BaseTest">
    <ignored/>
  </testcase> <!-- @AfterTest tearDown -->
  <testcase name="@AfterTest tearDown" time="0.0" classname="generic.BaseTest">
    <ignored/>
  </testcase> <!-- @AfterTest tearDown -->
  <testcase name="@AfterTest tearDown" time="0.0" classname="generic.BaseTest">
    <ignored/>
  </testcase> <!-- @AfterTest tearDown -->
  <testcase name="@AfterTest tearDown" time="0.0" classname="generic.BaseTest">
    <ignored/>
  </testcase> <!-- @AfterTest tearDown -->
  <testcase name="@AfterTest tearDown" time="0.0" classname="generic.BaseTest">
    <ignored/>
  </testcase> <!-- @AfterTest tearDown -->
  <testcase name="@AfterTest tearDown" time="0.0" classname="generic.BaseTest">
    <ignored/>
  </testcase> <!-- @AfterTest tearDown -->
  <testcase name="@AfterTest tearDown" time="0.0" classname="generic.BaseTest">
    <ignored/>
  </testcase> <!-- @AfterTest tearDown -->
  <testcase name="@AfterTest tearDown" time="0.0" classname="generic.BaseTest">
    <ignored/>
  </testcase> <!-- @AfterTest tearDown -->
  <testcase name="@AfterTest tearDown" time="0.0" classname="generic.BaseTest">
    <ignored/>
  </testcase> <!-- @AfterTest tearDown -->
  <testcase name="@AfterTest tearDown" time="0.0" classname="generic.BaseTest">
    <ignored/>
  </testcase> <!-- @AfterTest tearDown -->
  <testcase name="@BeforeSuite reportSetup" time="0.0" classname="generic.BaseTest">
    <ignored/>
  </testcase> <!-- @BeforeSuite reportSetup -->
  <testcase name="@BeforeSuite reportSetup" time="0.0" classname="generic.BaseTest">
    <ignored/>
  </testcase> <!-- @BeforeSuite reportSetup -->
  <testcase name="@BeforeSuite reportSetup" time="0.0" classname="generic.BaseTest">
    <ignored/>
  </testcase> <!-- @BeforeSuite reportSetup -->
  <testcase name="@BeforeSuite reportSetup" time="0.0" classname="generic.BaseTest">
    <ignored/>
  </testcase> <!-- @BeforeSuite reportSetup -->
  <testcase name="@BeforeSuite reportSetup" time="0.0" classname="generic.BaseTest">
    <ignored/>
  </testcase> <!-- @BeforeSuite reportSetup -->
  <testcase name="@BeforeSuite reportSetup" time="0.0" classname="generic.BaseTest">
    <ignored/>
  </testcase> <!-- @BeforeSuite reportSetup -->
  <testcase name="@BeforeSuite reportSetup" time="0.0" classname="generic.BaseTest">
    <ignored/>
  </testcase> <!-- @BeforeSuite reportSetup -->
  <testcase name="@BeforeSuite reportSetup" time="0.0" classname="generic.BaseTest">
    <ignored/>
  </testcase> <!-- @BeforeSuite reportSetup -->
  <testcase name="@BeforeSuite reportSetup" time="0.0" classname="generic.BaseTest">
    <ignored/>
  </testcase> <!-- @BeforeSuite reportSetup -->
  <testcase name="@BeforeSuite reportSetup" time="0.0" classname="generic.BaseTest">
    <ignored/>
  </testcase> <!-- @BeforeSuite reportSetup -->
  <testcase name="@BeforeSuite reportSetup" time="0.0" classname="generic.BaseTest">
    <ignored/>
  </testcase> <!-- @BeforeSuite reportSetup -->
  <testcase name="@BeforeSuite reportSetup" time="0.0" classname="generic.BaseTest">
    <ignored/>
  </testcase> <!-- @BeforeSuite reportSetup -->
  <testcase name="@BeforeSuite reportSetup" time="0.0" classname="generic.BaseTest">
    <ignored/>
  </testcase> <!-- @BeforeSuite reportSetup -->
  <testcase name="@BeforeSuite reportSetup" time="0.0" classname="generic.BaseTest">
    <ignored/>
  </testcase> <!-- @BeforeSuite reportSetup -->
  <testcase name="@BeforeSuite reportSetup" time="0.0" classname="generic.BaseTest">
    <ignored/>
  </testcase> <!-- @BeforeSuite reportSetup -->
  <testcase name="@BeforeSuite reportSetup" time="0.0" classname="generic.BaseTest">
    <ignored/>
  </testcase> <!-- @BeforeSuite reportSetup -->
  <testcase name="@BeforeSuite reportSetup" time="0.0" classname="generic.BaseTest">
    <ignored/>
  </testcase> <!-- @BeforeSuite reportSetup -->
  <testcase name="@BeforeSuite reportSetup" time="0.0" classname="generic.BaseTest">
    <ignored/>
  </testcase> <!-- @BeforeSuite reportSetup -->
  <testcase name="@BeforeSuite reportSetup" time="0.0" classname="generic.BaseTest">
    <ignored/>
  </testcase> <!-- @BeforeSuite reportSetup -->
  <testcase name="@BeforeSuite reportSetup" time="0.0" classname="generic.BaseTest">
    <ignored/>
  </testcase> <!-- @BeforeSuite reportSetup -->
  <testcase name="@BeforeSuite reportSetup" time="0.0" classname="generic.BaseTest">
    <ignored/>
  </testcase> <!-- @BeforeSuite reportSetup -->
  <testcase name="@BeforeSuite reportSetup" time="0.0" classname="generic.BaseTest">
    <ignored/>
  </testcase> <!-- @BeforeSuite reportSetup -->
  <testcase name="@BeforeSuite reportSetup" time="0.0" classname="generic.BaseTest">
    <ignored/>
  </testcase> <!-- @BeforeSuite reportSetup -->
  <testcase name="@BeforeSuite reportSetup" time="0.0" classname="generic.BaseTest">
    <ignored/>
  </testcase> <!-- @BeforeSuite reportSetup -->
  <testcase name="@BeforeSuite reportSetup" time="0.0" classname="generic.BaseTest">
    <ignored/>
  </testcase> <!-- @BeforeSuite reportSetup -->
  <testcase name="@BeforeSuite reportSetup" time="0.0" classname="generic.BaseTest">
    <ignored/>
  </testcase> <!-- @BeforeSuite reportSetup -->
  <testcase name="@BeforeSuite reportSetup" time="0.0" classname="generic.BaseTest">
    <ignored/>
  </testcase> <!-- @BeforeSuite reportSetup -->
  <testcase name="@BeforeSuite reportSetup" time="0.0" classname="generic.BaseTest">
    <ignored/>
  </testcase> <!-- @BeforeSuite reportSetup -->
  <testcase name="@BeforeSuite reportSetup" time="0.0" classname="generic.BaseTest">
    <ignored/>
  </testcase> <!-- @BeforeSuite reportSetup -->
  <testcase name="@BeforeSuite reportSetup" time="0.0" classname="generic.BaseTest">
    <ignored/>
  </testcase> <!-- @BeforeSuite reportSetup -->
  <testcase name="@BeforeSuite reportSetup" time="0.0" classname="generic.BaseTest">
    <ignored/>
  </testcase> <!-- @BeforeSuite reportSetup -->
  <testcase name="@BeforeSuite reportSetup" time="0.0" classname="generic.BaseTest">
    <ignored/>
  </testcase> <!-- @BeforeSuite reportSetup -->
  <testcase name="@BeforeSuite reportSetup" time="0.0" classname="generic.BaseTest">
    <ignored/>
  </testcase> <!-- @BeforeSuite reportSetup -->
  <testcase name="@BeforeSuite reportSetup" time="0.0" classname="generic.BaseTest">
    <ignored/>
  </testcase> <!-- @BeforeSuite reportSetup -->
  <testcase name="@BeforeSuite reportSetup" time="0.0" classname="generic.BaseTest">
    <ignored/>
  </testcase> <!-- @BeforeSuite reportSetup -->
  <testcase name="@BeforeSuite reportSetup" time="0.0" classname="generic.BaseTest">
    <ignored/>
  </testcase> <!-- @BeforeSuite reportSetup -->
  <testcase name="@BeforeSuite reportSetup" time="0.0" classname="generic.BaseTest">
    <ignored/>
  </testcase> <!-- @BeforeSuite reportSetup -->
  <testcase name="@BeforeSuite reportSetup" time="0.0" classname="generic.BaseTest">
    <ignored/>
  </testcase> <!-- @BeforeSuite reportSetup -->
  <testcase name="@BeforeSuite reportSetup" time="0.0" classname="generic.BaseTest">
    <ignored/>
  </testcase> <!-- @BeforeSuite reportSetup -->
  <testcase name="@BeforeSuite reportSetup" time="0.0" classname="generic.BaseTest">
    <ignored/>
  </testcase> <!-- @BeforeSuite reportSetup -->
  <testcase name="@BeforeSuite reportSetup" time="0.0" classname="generic.BaseTest">
    <ignored/>
  </testcase> <!-- @BeforeSuite reportSetup -->
  <testcase name="@BeforeSuite reportSetup" time="0.0" classname="generic.BaseTest">
    <ignored/>
  </testcase> <!-- @BeforeSuite reportSetup -->
  <testcase name="@BeforeSuite reportSetup" time="0.0" classname="generic.BaseTest">
    <ignored/>
  </testcase> <!-- @BeforeSuite reportSetup -->
  <testcase name="@BeforeSuite reportSetup" time="0.0" classname="generic.BaseTest">
    <ignored/>
  </testcase> <!-- @BeforeSuite reportSetup -->
  <testcase name="@BeforeSuite reportSetup" time="0.0" classname="generic.BaseTest">
    <ignored/>
  </testcase> <!-- @BeforeSuite reportSetup -->
  <testcase name="@BeforeSuite reportSetup" time="0.0" classname="generic.BaseTest">
    <ignored/>
  </testcase> <!-- @BeforeSuite reportSetup -->
  <testcase name="@BeforeSuite reportSetup" time="0.0" classname="generic.BaseTest">
    <ignored/>
  </testcase> <!-- @BeforeSuite reportSetup -->
  <testcase name="@BeforeSuite reportSetup" time="0.0" classname="generic.BaseTest">
    <ignored/>
  </testcase> <!-- @BeforeSuite reportSetup -->
  <testcase name="@BeforeSuite reportSetup" time="0.0" classname="generic.BaseTest">
    <ignored/>
  </testcase> <!-- @BeforeSuite reportSetup -->
  <testcase name="@BeforeSuite reportSetup" time="0.0" classname="generic.BaseTest">
    <ignored/>
  </testcase> <!-- @BeforeSuite reportSetup -->
  <testcase name="@BeforeSuite reportSetup" time="0.0" classname="generic.BaseTest">
    <ignored/>
  </testcase> <!-- @BeforeSuite reportSetup -->
  <testcase name="@BeforeSuite reportSetup" time="0.0" classname="generic.BaseTest">
    <ignored/>
  </testcase> <!-- @BeforeSuite reportSetup -->
  <testcase name="@BeforeTest setup" time="0.0" classname="generic.BaseTest">
    <ignored/>
  </testcase> <!-- @BeforeTest setup -->
  <testcase name="@BeforeTest setup" time="0.0" classname="generic.BaseTest">
    <ignored/>
  </testcase> <!-- @BeforeTest setup -->
  <testcase name="@BeforeTest setup" time="0.0" classname="generic.BaseTest">
    <ignored/>
  </testcase> <!-- @BeforeTest setup -->
  <testcase name="@BeforeTest setup" time="0.0" classname="generic.BaseTest">
    <ignored/>
  </testcase> <!-- @BeforeTest setup -->
  <testcase name="@BeforeTest setup" time="0.0" classname="generic.BaseTest">
    <ignored/>
  </testcase> <!-- @BeforeTest setup -->
  <testcase name="@BeforeTest setup" time="0.0" classname="generic.BaseTest">
    <ignored/>
  </testcase> <!-- @BeforeTest setup -->
  <testcase name="@BeforeTest setup" time="0.0" classname="generic.BaseTest">
    <ignored/>
  </testcase> <!-- @BeforeTest setup -->
  <testcase name="@BeforeTest setup" time="0.0" classname="generic.BaseTest">
    <ignored/>
  </testcase> <!-- @BeforeTest setup -->
  <testcase name="@BeforeTest setup" time="0.0" classname="generic.BaseTest">
    <ignored/>
  </testcase> <!-- @BeforeTest setup -->
  <testcase name="@BeforeTest setup" time="0.0" classname="generic.BaseTest">
    <ignored/>
  </testcase> <!-- @BeforeTest setup -->
  <testcase name="@BeforeTest setup" time="0.0" classname="generic.BaseTest">
    <ignored/>
  </testcase> <!-- @BeforeTest setup -->
  <testcase name="@BeforeTest setup" time="0.0" classname="generic.BaseTest">
    <ignored/>
  </testcase> <!-- @BeforeTest setup -->
  <testcase name="@BeforeTest setup" time="0.0" classname="generic.BaseTest">
    <ignored/>
  </testcase> <!-- @BeforeTest setup -->
  <testcase name="@BeforeTest setup" time="0.0" classname="generic.BaseTest">
    <ignored/>
  </testcase> <!-- @BeforeTest setup -->
  <testcase name="@BeforeTest setup" time="0.0" classname="generic.BaseTest">
    <ignored/>
  </testcase> <!-- @BeforeTest setup -->
  <testcase name="@BeforeTest setup" time="0.0" classname="generic.BaseTest">
    <ignored/>
  </testcase> <!-- @BeforeTest setup -->
  <testcase name="@BeforeTest setup" time="0.0" classname="generic.BaseTest">
    <ignored/>
  </testcase> <!-- @BeforeTest setup -->
  <testcase name="@BeforeTest setup" time="0.0" classname="generic.BaseTest">
    <ignored/>
  </testcase> <!-- @BeforeTest setup -->
  <testcase name="@BeforeTest setup" time="0.0" classname="generic.BaseTest">
    <ignored/>
  </testcase> <!-- @BeforeTest setup -->
  <testcase name="@BeforeTest setup" time="0.0" classname="generic.BaseTest">
    <ignored/>
  </testcase> <!-- @BeforeTest setup -->
  <testcase name="@BeforeTest setup" time="0.0" classname="generic.BaseTest">
    <ignored/>
  </testcase> <!-- @BeforeTest setup -->
  <testcase name="@BeforeTest setup" time="0.0" classname="generic.BaseTest">
    <ignored/>
  </testcase> <!-- @BeforeTest setup -->
  <testcase name="@BeforeTest setup" time="0.0" classname="generic.BaseTest">
    <ignored/>
  </testcase> <!-- @BeforeTest setup -->
  <testcase name="@BeforeTest setup" time="0.0" classname="generic.BaseTest">
    <ignored/>
  </testcase> <!-- @BeforeTest setup -->
  <testcase name="@BeforeTest setup" time="0.0" classname="generic.BaseTest">
    <ignored/>
  </testcase> <!-- @BeforeTest setup -->
  <testcase name="@BeforeTest setup" time="0.0" classname="generic.BaseTest">
    <ignored/>
  </testcase> <!-- @BeforeTest setup -->
  <testcase name="@BeforeTest setup" time="0.0" classname="generic.BaseTest">
    <ignored/>
  </testcase> <!-- @BeforeTest setup -->
  <testcase name="@BeforeTest setup" time="0.0" classname="generic.BaseTest">
    <ignored/>
  </testcase> <!-- @BeforeTest setup -->
  <testcase name="@BeforeTest setup" time="0.0" classname="generic.BaseTest">
    <ignored/>
  </testcase> <!-- @BeforeTest setup -->
  <testcase name="@BeforeTest setup" time="0.0" classname="generic.BaseTest">
    <ignored/>
  </testcase> <!-- @BeforeTest setup -->
  <testcase name="@BeforeTest setup" time="0.0" classname="generic.BaseTest">
    <ignored/>
  </testcase> <!-- @BeforeTest setup -->
  <testcase name="@BeforeTest setup" time="0.0" classname="generic.BaseTest">
    <ignored/>
  </testcase> <!-- @BeforeTest setup -->
  <testcase name="@BeforeTest setup" time="0.0" classname="generic.BaseTest">
    <ignored/>
  </testcase> <!-- @BeforeTest setup -->
  <testcase name="@BeforeTest setup" time="0.0" classname="generic.BaseTest">
    <ignored/>
  </testcase> <!-- @BeforeTest setup -->
  <testcase name="@BeforeTest setup" time="0.0" classname="generic.BaseTest">
    <ignored/>
  </testcase> <!-- @BeforeTest setup -->
  <testcase name="@BeforeTest setup" time="0.0" classname="generic.BaseTest">
    <ignored/>
  </testcase> <!-- @BeforeTest setup -->
  <testcase name="@BeforeTest setup" time="0.0" classname="generic.BaseTest">
    <ignored/>
  </testcase> <!-- @BeforeTest setup -->
  <testcase name="@BeforeTest setup" time="0.0" classname="generic.BaseTest">
    <ignored/>
  </testcase> <!-- @BeforeTest setup -->
  <testcase name="@BeforeTest setup" time="0.0" classname="generic.BaseTest">
    <ignored/>
  </testcase> <!-- @BeforeTest setup -->
  <testcase name="@BeforeTest setup" time="0.0" classname="generic.BaseTest">
    <ignored/>
  </testcase> <!-- @BeforeTest setup -->
  <testcase name="@BeforeTest setup" time="0.0" classname="generic.BaseTest">
    <ignored/>
  </testcase> <!-- @BeforeTest setup -->
  <testcase name="@BeforeTest setup" time="0.0" classname="generic.BaseTest">
    <ignored/>
  </testcase> <!-- @BeforeTest setup -->
  <testcase name="@BeforeTest setup" time="0.0" classname="generic.BaseTest">
    <ignored/>
  </testcase> <!-- @BeforeTest setup -->
  <testcase name="@BeforeTest setup" time="0.0" classname="generic.BaseTest">
    <ignored/>
  </testcase> <!-- @BeforeTest setup -->
  <testcase name="@BeforeTest setup" time="0.0" classname="generic.BaseTest">
    <ignored/>
  </testcase> <!-- @BeforeTest setup -->
  <testcase name="@BeforeTest setup" time="0.0" classname="generic.BaseTest">
    <ignored/>
  </testcase> <!-- @BeforeTest setup -->
  <testcase name="@BeforeTest setup" time="0.0" classname="generic.BaseTest">
    <ignored/>
  </testcase> <!-- @BeforeTest setup -->
  <testcase name="@BeforeTest setup" time="0.0" classname="generic.BaseTest">
    <ignored/>
  </testcase> <!-- @BeforeTest setup -->
  <testcase name="@BeforeTest setup" time="0.0" classname="generic.BaseTest">
    <ignored/>
  </testcase> <!-- @BeforeTest setup -->
  <testcase name="@BeforeTest setup" time="0.0" classname="generic.BaseTest">
    <ignored/>
  </testcase> <!-- @BeforeTest setup -->
  <testcase name="@BeforeTest setup" time="0.0" classname="generic.BaseTest">
    <ignored/>
  </testcase> <!-- @BeforeTest setup -->
  <testcase name="@BeforeTest setup" time="0.0" classname="generic.BaseTest">
    <ignored/>
  </testcase> <!-- @BeforeTest setup -->
  <testcase name="@AfterSuite uninstallApp" time="0.0" classname="generic.BaseTest">
    <ignored/>
  </testcase> <!-- @AfterSuite uninstallApp -->
  <testcase name="@AfterSuite uninstallApp" time="0.0" classname="generic.BaseTest">
    <ignored/>
  </testcase> <!-- @AfterSuite uninstallApp -->
  <testcase name="@AfterSuite uninstallApp" time="0.0" classname="generic.BaseTest">
    <ignored/>
  </testcase> <!-- @AfterSuite uninstallApp -->
  <testcase name="@AfterSuite uninstallApp" time="0.0" classname="generic.BaseTest">
    <ignored/>
  </testcase> <!-- @AfterSuite uninstallApp -->
  <testcase name="@AfterSuite uninstallApp" time="0.0" classname="generic.BaseTest">
    <ignored/>
  </testcase> <!-- @AfterSuite uninstallApp -->
  <testcase name="@AfterSuite uninstallApp" time="0.0" classname="generic.BaseTest">
    <ignored/>
  </testcase> <!-- @AfterSuite uninstallApp -->
  <testcase name="@AfterSuite uninstallApp" time="0.0" classname="generic.BaseTest">
    <ignored/>
  </testcase> <!-- @AfterSuite uninstallApp -->
  <testcase name="@AfterSuite uninstallApp" time="0.0" classname="generic.BaseTest">
    <ignored/>
  </testcase> <!-- @AfterSuite uninstallApp -->
  <testcase name="@AfterSuite uninstallApp" time="0.0" classname="generic.BaseTest">
    <ignored/>
  </testcase> <!-- @AfterSuite uninstallApp -->
  <testcase name="@AfterSuite uninstallApp" time="0.0" classname="generic.BaseTest">
    <ignored/>
  </testcase> <!-- @AfterSuite uninstallApp -->
  <testcase name="@AfterSuite uninstallApp" time="0.0" classname="generic.BaseTest">
    <ignored/>
  </testcase> <!-- @AfterSuite uninstallApp -->
  <testcase name="@AfterSuite uninstallApp" time="0.0" classname="generic.BaseTest">
    <ignored/>
  </testcase> <!-- @AfterSuite uninstallApp -->
  <testcase name="@AfterSuite uninstallApp" time="0.0" classname="generic.BaseTest">
    <ignored/>
  </testcase> <!-- @AfterSuite uninstallApp -->
  <testcase name="@AfterSuite uninstallApp" time="0.0" classname="generic.BaseTest">
    <ignored/>
  </testcase> <!-- @AfterSuite uninstallApp -->
  <testcase name="@AfterSuite uninstallApp" time="0.0" classname="generic.BaseTest">
    <ignored/>
  </testcase> <!-- @AfterSuite uninstallApp -->
  <testcase name="@AfterSuite uninstallApp" time="0.0" classname="generic.BaseTest">
    <ignored/>
  </testcase> <!-- @AfterSuite uninstallApp -->
  <testcase name="@AfterSuite uninstallApp" time="0.0" classname="generic.BaseTest">
    <ignored/>
  </testcase> <!-- @AfterSuite uninstallApp -->
  <testcase name="@AfterSuite uninstallApp" time="0.0" classname="generic.BaseTest">
    <ignored/>
  </testcase> <!-- @AfterSuite uninstallApp -->
  <testcase name="@AfterSuite uninstallApp" time="0.0" classname="generic.BaseTest">
    <ignored/>
  </testcase> <!-- @AfterSuite uninstallApp -->
  <testcase name="@AfterSuite uninstallApp" time="0.0" classname="generic.BaseTest">
    <ignored/>
  </testcase> <!-- @AfterSuite uninstallApp -->
  <testcase name="@AfterSuite uninstallApp" time="0.0" classname="generic.BaseTest">
    <ignored/>
  </testcase> <!-- @AfterSuite uninstallApp -->
  <testcase name="@AfterSuite uninstallApp" time="0.0" classname="generic.BaseTest">
    <ignored/>
  </testcase> <!-- @AfterSuite uninstallApp -->
  <testcase name="@AfterSuite uninstallApp" time="0.0" classname="generic.BaseTest">
    <ignored/>
  </testcase> <!-- @AfterSuite uninstallApp -->
  <testcase name="@AfterSuite uninstallApp" time="0.0" classname="generic.BaseTest">
    <ignored/>
  </testcase> <!-- @AfterSuite uninstallApp -->
  <testcase name="@AfterSuite uninstallApp" time="0.0" classname="generic.BaseTest">
    <ignored/>
  </testcase> <!-- @AfterSuite uninstallApp -->
  <testcase name="@AfterSuite uninstallApp" time="0.0" classname="generic.BaseTest">
    <ignored/>
  </testcase> <!-- @AfterSuite uninstallApp -->
  <testcase name="@AfterSuite uninstallApp" time="0.0" classname="generic.BaseTest">
    <ignored/>
  </testcase> <!-- @AfterSuite uninstallApp -->
  <testcase name="@AfterSuite uninstallApp" time="0.0" classname="generic.BaseTest">
    <ignored/>
  </testcase> <!-- @AfterSuite uninstallApp -->
  <testcase name="@AfterSuite uninstallApp" time="0.0" classname="generic.BaseTest">
    <ignored/>
  </testcase> <!-- @AfterSuite uninstallApp -->
  <testcase name="@AfterSuite uninstallApp" time="0.0" classname="generic.BaseTest">
    <ignored/>
  </testcase> <!-- @AfterSuite uninstallApp -->
  <testcase name="@AfterSuite uninstallApp" time="0.0" classname="generic.BaseTest">
    <ignored/>
  </testcase> <!-- @AfterSuite uninstallApp -->
  <testcase name="@AfterSuite uninstallApp" time="0.0" classname="generic.BaseTest">
    <ignored/>
  </testcase> <!-- @AfterSuite uninstallApp -->
  <testcase name="@AfterSuite uninstallApp" time="0.0" classname="generic.BaseTest">
    <ignored/>
  </testcase> <!-- @AfterSuite uninstallApp -->
  <testcase name="@AfterSuite uninstallApp" time="0.0" classname="generic.BaseTest">
    <ignored/>
  </testcase> <!-- @AfterSuite uninstallApp -->
  <testcase name="@AfterSuite uninstallApp" time="0.0" classname="generic.BaseTest">
    <ignored/>
  </testcase> <!-- @AfterSuite uninstallApp -->
  <testcase name="@AfterSuite uninstallApp" time="0.0" classname="generic.BaseTest">
    <ignored/>
  </testcase> <!-- @AfterSuite uninstallApp -->
  <testcase name="@AfterSuite uninstallApp" time="0.0" classname="generic.BaseTest">
    <ignored/>
  </testcase> <!-- @AfterSuite uninstallApp -->
  <testcase name="@AfterSuite uninstallApp" time="0.0" classname="generic.BaseTest">
    <ignored/>
  </testcase> <!-- @AfterSuite uninstallApp -->
  <testcase name="@AfterSuite uninstallApp" time="0.0" classname="generic.BaseTest">
    <ignored/>
  </testcase> <!-- @AfterSuite uninstallApp -->
  <testcase name="@AfterSuite uninstallApp" time="0.0" classname="generic.BaseTest">
    <ignored/>
  </testcase> <!-- @AfterSuite uninstallApp -->
  <testcase name="@AfterSuite uninstallApp" time="0.0" classname="generic.BaseTest">
    <ignored/>
  </testcase> <!-- @AfterSuite uninstallApp -->
  <testcase name="@AfterSuite uninstallApp" time="0.0" classname="generic.BaseTest">
    <ignored/>
  </testcase> <!-- @AfterSuite uninstallApp -->
  <testcase name="@AfterSuite uninstallApp" time="0.0" classname="generic.BaseTest">
    <ignored/>
  </testcase> <!-- @AfterSuite uninstallApp -->
  <testcase name="@AfterSuite uninstallApp" time="0.0" classname="generic.BaseTest">
    <ignored/>
  </testcase> <!-- @AfterSuite uninstallApp -->
  <testcase name="@AfterSuite uninstallApp" time="0.0" classname="generic.BaseTest">
    <ignored/>
  </testcase> <!-- @AfterSuite uninstallApp -->
  <testcase name="@AfterSuite uninstallApp" time="0.0" classname="generic.BaseTest">
    <ignored/>
  </testcase> <!-- @AfterSuite uninstallApp -->
  <testcase name="@AfterSuite uninstallApp" time="0.0" classname="generic.BaseTest">
    <ignored/>
  </testcase> <!-- @AfterSuite uninstallApp -->
  <testcase name="@AfterSuite uninstallApp" time="0.0" classname="generic.BaseTest">
    <ignored/>
  </testcase> <!-- @AfterSuite uninstallApp -->
  <testcase name="@AfterSuite uninstallApp" time="0.0" classname="generic.BaseTest">
    <ignored/>
  </testcase> <!-- @AfterSuite uninstallApp -->
  <testcase name="@AfterSuite uninstallApp" time="0.0" classname="generic.BaseTest">
    <ignored/>
  </testcase> <!-- @AfterSuite uninstallApp -->
  <testcase name="@AfterSuite uninstallApp" time="0.0" classname="generic.BaseTest">
    <ignored/>
  </testcase> <!-- @AfterSuite uninstallApp -->
  <testcase name="@AfterSuite uninstallApp" time="0.0" classname="generic.BaseTest">
    <ignored/>
  </testcase> <!-- @AfterSuite uninstallApp -->
</testsuite> <!-- FarmerApp Automation Suite -->
