<?xml version="1.0" encoding="UTF-8"?>
<!-- Generated by org.testng.reporters.JUnitXMLReporter -->
<testsuite hostname="Supports-MacBook-Pro.local" ignored="8" name="Test" tests="3" failures="0" timestamp="2022-05-17T10:46:34 IST" time="56.789" errors="0">
  <testcase name="@AfterTest teardown" time="0.06" classname="generic.BaseTest">
    <failure type="org.openqa.selenium.UnsupportedCommandException" message="The requested resource could not be found, or a request was received using an HTTP method that is not supported by the mapped resource
Build info: version: &amp;apos;3.141.59&amp;apos;, revision: &amp;apos;e82be7d358&amp;apos;, time: &amp;apos;2018-11-14T08:17:03&amp;apos;
System info: host: &amp;apos;Supports-MacBook-Pro.local&amp;apos;, ip: &amp;apos;fe80:0:0:0:1071:d952:3eb4:b9b9%en0&amp;apos;, os.name: &amp;apos;Mac OS X&amp;apos;, os.arch: &amp;apos;x86_64&amp;apos;, os.version: &amp;apos;12.3.1&amp;apos;, java.version: &amp;apos;1.8.0_333&amp;apos;
Driver info: io.appium.java_client.android.AndroidDriver
Capabilities {app: /Users/jagdeeshreddy/eclips..., appPackage: com.GrainbankFarmer.app, autoAcceptAlerts: true, autoGrantPermissions: true, automationName: uiautomator2, browserName: , databaseEnabled: false, desired: {app: /Users/jagdeeshreddy/eclips..., autoAcceptAlerts: true, autoGrantPermissions: true, automationName: uiautomator2, browserName: , deviceName: REDDY, fullReset: false, newCommandTimeout: 100000, noReset: true, platformName: android, resetKeyboard: false, unicodeKeyboard: false, version: 10}, deviceApiLevel: 29, deviceManufacturer: Google, deviceModel: Android SDK built for arm64, deviceName: emulator-5554, deviceScreenDensity: 440, deviceScreenSize: 1080x2160, deviceUDID: emulator-5554, fullReset: false, javascriptEnabled: true, locationContextEnabled: false, networkConnectionEnabled: true, newCommandTimeout: 100000, noReset: true, pixelRatio: 2.75, platform: LINUX, platformName: Android, platformVersion: 10, resetKeyboard: false, statBarHeight: 66, takesScreenshot: true, unicodeKeyboard: false, version: 10, viewportRect: {height: 1962, left: 0, top: 66, width: 1080}, warnings: {}, webStorageEnabled: false}
Session ID: 40fd4826-7825-4c54-b040-748133ab4b2b">
      <![CDATA[org.openqa.selenium.UnsupportedCommandException: The requested resource could not be found, or a request was received using an HTTP method that is not supported by the mapped resource
Build info: version: '3.141.59', revision: 'e82be7d358', time: '2018-11-14T08:17:03'
System info: host: 'Supports-MacBook-Pro.local', ip: 'fe80:0:0:0:1071:d952:3eb4:b9b9%en0', os.name: 'Mac OS X', os.arch: 'x86_64', os.version: '12.3.1', java.version: '1.8.0_333'
Driver info: io.appium.java_client.android.AndroidDriver
Capabilities {app: /Users/jagdeeshreddy/eclips..., appPackage: com.GrainbankFarmer.app, autoAcceptAlerts: true, autoGrantPermissions: true, automationName: uiautomator2, browserName: , databaseEnabled: false, desired: {app: /Users/jagdeeshreddy/eclips..., autoAcceptAlerts: true, autoGrantPermissions: true, automationName: uiautomator2, browserName: , deviceName: REDDY, fullReset: false, newCommandTimeout: 100000, noReset: true, platformName: android, resetKeyboard: false, unicodeKeyboard: false, version: 10}, deviceApiLevel: 29, deviceManufacturer: Google, deviceModel: Android SDK built for arm64, deviceName: emulator-5554, deviceScreenDensity: 440, deviceScreenSize: 1080x2160, deviceUDID: emulator-5554, fullReset: false, javascriptEnabled: true, locationContextEnabled: false, networkConnectionEnabled: true, newCommandTimeout: 100000, noReset: true, pixelRatio: 2.75, platform: LINUX, platformName: Android, platformVersion: 10, resetKeyboard: false, statBarHeight: 66, takesScreenshot: true, unicodeKeyboard: false, version: 10, viewportRect: {height: 1962, left: 0, top: 66, width: 1080}, warnings: {}, webStorageEnabled: false}
Session ID: 40fd4826-7825-4c54-b040-748133ab4b2b
at org.openqa.selenium.remote.http.W3CHttpResponseCodec.createException(W3CHttpResponseCodec.java:187)
at org.openqa.selenium.remote.http.W3CHttpResponseCodec.decode(W3CHttpResponseCodec.java:122)
at org.openqa.selenium.remote.http.W3CHttpResponseCodec.decode(W3CHttpResponseCodec.java:49)
at org.openqa.selenium.remote.HttpCommandExecutor.execute(HttpCommandExecutor.java:158)
at io.appium.java_client.remote.AppiumCommandExecutor.execute(AppiumCommandExecutor.java:239)
at org.openqa.selenium.remote.RemoteWebDriver.execute(RemoteWebDriver.java:552)
at io.appium.java_client.DefaultGenericMobileDriver.execute(DefaultGenericMobileDriver.java:46)
at io.appium.java_client.AppiumDriver.execute(AppiumDriver.java:1)
at io.appium.java_client.android.AndroidDriver.execute(AndroidDriver.java:1)
at org.openqa.selenium.remote.RemoteWebDriver.close(RemoteWebDriver.java:442)
at generic.BaseTest.teardown(BaseTest.java:57)
... Removed 28 stack frames]]>
    </failure>
  </testcase> <!-- @AfterTest teardown -->
  <testcase name="LandingPage" time="8.492" classname="tests.TC1_ValidateLoginTest"/>
  <testcase name="QuickActionMenu" time="30.128" classname="tests.TC2_ValidateQuickActionsTest"/>
  <testcase name="HamBurgerMenu" time="2.66" classname="tests.TC3_ValidateHamBurgerMenu"/>
  <testcase name="@BeforeSuite reportSetup" time="0.0" classname="ExtentRepo.ExtentReport">
    <ignored/>
  </testcase> <!-- @BeforeSuite reportSetup -->
  <testcase name="@BeforeSuite reportSetup" time="0.0" classname="ExtentRepo.ExtentReport">
    <ignored/>
  </testcase> <!-- @BeforeSuite reportSetup -->
  <testcase name="@AfterSuite reportTeardown" time="0.0" classname="ExtentRepo.ExtentReport">
    <ignored/>
  </testcase> <!-- @AfterSuite reportTeardown -->
  <testcase name="@AfterSuite reportTeardown" time="0.0" classname="ExtentRepo.ExtentReport">
    <ignored/>
  </testcase> <!-- @AfterSuite reportTeardown -->
  <testcase name="@BeforeTest setup" time="0.0" classname="generic.BaseTest">
    <ignored/>
  </testcase> <!-- @BeforeTest setup -->
  <testcase name="@BeforeTest setup" time="0.0" classname="generic.BaseTest">
    <ignored/>
  </testcase> <!-- @BeforeTest setup -->
  <testcase name="@AfterTest teardown" time="0.0" classname="generic.BaseTest">
    <ignored/>
  </testcase> <!-- @AfterTest teardown -->
  <testcase name="@AfterTest teardown" time="0.0" classname="generic.BaseTest">
    <ignored/>
  </testcase> <!-- @AfterTest teardown -->
</testsuite> <!-- Test -->
