<?xml version="1.0" encoding="UTF-8"?>
<!-- Generated by org.testng.reporters.JUnitXMLReporter -->
<testsuite hostname="Supports-MacBook-Pro-4.local" ignored="24" name="AdvancePayment" tests="7" failures="0" timestamp="2022-07-04T10:38:21 IST" time="142.55" errors="0">
  <testcase name="advancePaymentRequest_NoRecord" time="12.946" classname="tests.TC_001_AP_Verify_Screen_If_No_Records_Are_Avaliable_Test"/>
  <testcase name="advanvePayment_NoProduct" time="11.969" classname="tests.TC_002_AP_Verify_When_There_Are_No_Products_Available_Test"/>
  <testcase name="advancePaymentRequest_RequestAmount" time="21.971" classname="tests.TC_003_AP_Verify_The_Amount_Farmer_Is_Eligible_To_Request_Test"/>
  <testcase name="advancePaymentsRequest_ProductAvaliable" time="24.881" classname="tests.TC_004_AP_Create_New_Payment_Request_If_There_Are_Products_Available_Test"/>
  <testcase name="advancePayments_Request_Sort_By_Old_Request" time="4.515" classname="tests.TC_005_AP_Verify_Sorting_Operation_Sort_By_Oldest_Request_Test"/>
  <testcase name="advancePayments_Request_Sort_By_Recent_Request" time="3.45" classname="tests.TC_006_AP_Verify_Sorting_Operation_Sort_By_Recent_Request_Test"/>
  <testcase name="advancePayments_Filter_Operation" time="54.641" classname="tests.TC_007_AP_Verify_Filter_Operation_Test"/>
  <testcase name="@AfterSuite reportTeardown" time="0.0" classname="ExtentRepo.ExtentReport">
    <ignored/>
  </testcase> <!-- @AfterSuite reportTeardown -->
  <testcase name="@AfterSuite reportTeardown" time="0.0" classname="ExtentRepo.ExtentReport">
    <ignored/>
  </testcase> <!-- @AfterSuite reportTeardown -->
  <testcase name="@AfterSuite reportTeardown" time="0.0" classname="ExtentRepo.ExtentReport">
    <ignored/>
  </testcase> <!-- @AfterSuite reportTeardown -->
  <testcase name="@AfterSuite reportTeardown" time="0.0" classname="ExtentRepo.ExtentReport">
    <ignored/>
  </testcase> <!-- @AfterSuite reportTeardown -->
  <testcase name="@AfterSuite reportTeardown" time="0.0" classname="ExtentRepo.ExtentReport">
    <ignored/>
  </testcase> <!-- @AfterSuite reportTeardown -->
  <testcase name="@AfterSuite reportTeardown" time="0.0" classname="ExtentRepo.ExtentReport">
    <ignored/>
  </testcase> <!-- @AfterSuite reportTeardown -->
  <testcase name="@BeforeTest setup" time="0.0" classname="generic.BaseTest">
    <ignored/>
  </testcase> <!-- @BeforeTest setup -->
  <testcase name="@BeforeTest setup" time="0.0" classname="generic.BaseTest">
    <ignored/>
  </testcase> <!-- @BeforeTest setup -->
  <testcase name="@BeforeTest setup" time="0.0" classname="generic.BaseTest">
    <ignored/>
  </testcase> <!-- @BeforeTest setup -->
  <testcase name="@BeforeTest setup" time="0.0" classname="generic.BaseTest">
    <ignored/>
  </testcase> <!-- @BeforeTest setup -->
  <testcase name="@BeforeTest setup" time="0.0" classname="generic.BaseTest">
    <ignored/>
  </testcase> <!-- @BeforeTest setup -->
  <testcase name="@BeforeTest setup" time="0.0" classname="generic.BaseTest">
    <ignored/>
  </testcase> <!-- @BeforeTest setup -->
  <testcase name="@BeforeSuite reportSetup" time="0.0" classname="ExtentRepo.ExtentReport">
    <ignored/>
  </testcase> <!-- @BeforeSuite reportSetup -->
  <testcase name="@BeforeSuite reportSetup" time="0.0" classname="ExtentRepo.ExtentReport">
    <ignored/>
  </testcase> <!-- @BeforeSuite reportSetup -->
  <testcase name="@BeforeSuite reportSetup" time="0.0" classname="ExtentRepo.ExtentReport">
    <ignored/>
  </testcase> <!-- @BeforeSuite reportSetup -->
  <testcase name="@BeforeSuite reportSetup" time="0.0" classname="ExtentRepo.ExtentReport">
    <ignored/>
  </testcase> <!-- @BeforeSuite reportSetup -->
  <testcase name="@BeforeSuite reportSetup" time="0.0" classname="ExtentRepo.ExtentReport">
    <ignored/>
  </testcase> <!-- @BeforeSuite reportSetup -->
  <testcase name="@BeforeSuite reportSetup" time="0.0" classname="ExtentRepo.ExtentReport">
    <ignored/>
  </testcase> <!-- @BeforeSuite reportSetup -->
  <testcase name="@AfterTest teardown" time="0.0" classname="generic.BaseTest">
    <ignored/>
  </testcase> <!-- @AfterTest teardown -->
  <testcase name="@AfterTest teardown" time="0.0" classname="generic.BaseTest">
    <ignored/>
  </testcase> <!-- @AfterTest teardown -->
  <testcase name="@AfterTest teardown" time="0.0" classname="generic.BaseTest">
    <ignored/>
  </testcase> <!-- @AfterTest teardown -->
  <testcase name="@AfterTest teardown" time="0.0" classname="generic.BaseTest">
    <ignored/>
  </testcase> <!-- @AfterTest teardown -->
  <testcase name="@AfterTest teardown" time="0.0" classname="generic.BaseTest">
    <ignored/>
  </testcase> <!-- @AfterTest teardown -->
  <testcase name="@AfterTest teardown" time="0.0" classname="generic.BaseTest">
    <ignored/>
  </testcase> <!-- @AfterTest teardown -->
</testsuite> <!-- AdvancePayment -->
