<?xml version="1.0" encoding="UTF-8"?>
<!-- Generated by org.testng.reporters.JUnitXMLReporter -->
<testsuite hostname="Supports-MacBook-Pro-4.local" ignored="24" name="LandInAcres" tests="7" failures="0" timestamp="2022-09-28T11:50:26 IST" time="226.717" errors="0">
  <testcase name="noLandInfo" time="36.829" classname="com.farmer.script.LandInAcres_HarvestDetails.TC_001_LIA_NoLandInfo_Test"/>
  <testcase name="withLandInfo" time="34.597" classname="com.farmer.script.LandInAcres_HarvestDetails.TC_002_LIA_WithLandInfo_Test"/>
  <testcase name="productWithNoHarvestInfo" time="23.197" classname="com.farmer.script.LandInAcres_HarvestDetails.TC_003_LIA_NoHarvestInfo_Test"/>
  <testcase name="noLandInfo" time="27.201" classname="com.farmer.script.LandInAcres_HarvestDetails.TC_004_LIA_MaxUpperYieldLimit_Test"/>
  <testcase name="notEditable" time="14.148" classname="com.farmer.script.LandInAcres_HarvestDetails.TC_005_LIA_Edit_NotEditable_Test"/>
  <testcase name="editChangeProduct" time="23.536" classname="com.farmer.script.LandInAcres_HarvestDetails.TC_006_LIA_Edit_ChangeProduct_Test"/>
  <testcase name="landWithNoHarvestInfo" time="34.434" classname="com.farmer.script.LandInAcres_HarvestDetails.TC_007_LIA_LandWithNoHarvestInfo_Test"/>
  <testcase name="@AfterTest tearDown" time="0.0" classname="generic.BaseTest">
    <ignored/>
  </testcase> <!-- @AfterTest tearDown -->
  <testcase name="@AfterTest tearDown" time="0.0" classname="generic.BaseTest">
    <ignored/>
  </testcase> <!-- @AfterTest tearDown -->
  <testcase name="@AfterTest tearDown" time="0.0" classname="generic.BaseTest">
    <ignored/>
  </testcase> <!-- @AfterTest tearDown -->
  <testcase name="@AfterTest tearDown" time="0.0" classname="generic.BaseTest">
    <ignored/>
  </testcase> <!-- @AfterTest tearDown -->
  <testcase name="@AfterTest tearDown" time="0.0" classname="generic.BaseTest">
    <ignored/>
  </testcase> <!-- @AfterTest tearDown -->
  <testcase name="@AfterTest tearDown" time="0.0" classname="generic.BaseTest">
    <ignored/>
  </testcase> <!-- @AfterTest tearDown -->
  <testcase name="@BeforeSuite reportSetup" time="0.0" classname="generic.BaseTest">
    <ignored/>
  </testcase> <!-- @BeforeSuite reportSetup -->
  <testcase name="@BeforeSuite reportSetup" time="0.0" classname="generic.BaseTest">
    <ignored/>
  </testcase> <!-- @BeforeSuite reportSetup -->
  <testcase name="@BeforeSuite reportSetup" time="0.0" classname="generic.BaseTest">
    <ignored/>
  </testcase> <!-- @BeforeSuite reportSetup -->
  <testcase name="@BeforeSuite reportSetup" time="0.0" classname="generic.BaseTest">
    <ignored/>
  </testcase> <!-- @BeforeSuite reportSetup -->
  <testcase name="@BeforeSuite reportSetup" time="0.0" classname="generic.BaseTest">
    <ignored/>
  </testcase> <!-- @BeforeSuite reportSetup -->
  <testcase name="@BeforeSuite reportSetup" time="0.0" classname="generic.BaseTest">
    <ignored/>
  </testcase> <!-- @BeforeSuite reportSetup -->
  <testcase name="@BeforeTest setup" time="0.0" classname="generic.BaseTest">
    <ignored/>
  </testcase> <!-- @BeforeTest setup -->
  <testcase name="@BeforeTest setup" time="0.0" classname="generic.BaseTest">
    <ignored/>
  </testcase> <!-- @BeforeTest setup -->
  <testcase name="@BeforeTest setup" time="0.0" classname="generic.BaseTest">
    <ignored/>
  </testcase> <!-- @BeforeTest setup -->
  <testcase name="@BeforeTest setup" time="0.0" classname="generic.BaseTest">
    <ignored/>
  </testcase> <!-- @BeforeTest setup -->
  <testcase name="@BeforeTest setup" time="0.0" classname="generic.BaseTest">
    <ignored/>
  </testcase> <!-- @BeforeTest setup -->
  <testcase name="@BeforeTest setup" time="0.0" classname="generic.BaseTest">
    <ignored/>
  </testcase> <!-- @BeforeTest setup -->
  <testcase name="@AfterSuite uninstallApp" time="0.0" classname="generic.BaseTest">
    <ignored/>
  </testcase> <!-- @AfterSuite uninstallApp -->
  <testcase name="@AfterSuite uninstallApp" time="0.0" classname="generic.BaseTest">
    <ignored/>
  </testcase> <!-- @AfterSuite uninstallApp -->
  <testcase name="@AfterSuite uninstallApp" time="0.0" classname="generic.BaseTest">
    <ignored/>
  </testcase> <!-- @AfterSuite uninstallApp -->
  <testcase name="@AfterSuite uninstallApp" time="0.0" classname="generic.BaseTest">
    <ignored/>
  </testcase> <!-- @AfterSuite uninstallApp -->
  <testcase name="@AfterSuite uninstallApp" time="0.0" classname="generic.BaseTest">
    <ignored/>
  </testcase> <!-- @AfterSuite uninstallApp -->
  <testcase name="@AfterSuite uninstallApp" time="0.0" classname="generic.BaseTest">
    <ignored/>
  </testcase> <!-- @AfterSuite uninstallApp -->
</testsuite> <!-- LandInAcres -->
