<?xml version="1.0" encoding="UTF-8"?>
<!-- Generated by org.testng.reporters.JUnitXMLReporter -->
<testsuite hostname="Supports-MacBook-Pro-4.local" ignored="24" name="WareHouseAge" tests="7" failures="0" timestamp="2022-09-28T12:25:53 IST" time="267.86" errors="0">
  <testcase name="warehouseAgeOlderThanThreeYears" time="35.332" classname="com.farmer.script.WarehouseAge.TC_001_WH_AgeAbove_ThreeYears_Test"/>
  <testcase name="warehouseAgeOnetoTwoYears" time="34.049" classname="com.farmer.script.WarehouseAge.TC_002_WH_Age_OnetoTwoYears_Test"/>
  <testcase name="warehouseAgetTwotoThreeYears" time="34.103" classname="com.farmer.script.WarehouseAge.TC_003_WH_Age_TwoToThree_Years_Test"/>
  <testcase name="warehouseAgeZerotoOneYear" time="32.917" classname="com.farmer.script.WarehouseAge.TC_004_WH_Age_ZeroToOne_Years_Test"/>
  <testcase name="warehouseAgeOnetoTwoYears" time="30.584" classname="com.farmer.script.WarehouseAge.TC_005_WH_AgeOnetoTwoYear_Test"/>
  <testcase name="warehouseAgeOnetoTwoYears" time="35.183" classname="com.farmer.script.WarehouseAge.TC_006_WH_AgeTwotoThree_Test"/>
  <testcase name="warehouseAgeWithNoLimit" time="33.446" classname="com.farmer.script.WarehouseAge.TC_007_WH_AgeWithNoLimit_Test"/>
  <testcase name="@AfterTest tearDown" time="0.0" classname="generic.BaseTest">
    <ignored/>
  </testcase> <!-- @AfterTest tearDown -->
  <testcase name="@AfterTest tearDown" time="0.0" classname="generic.BaseTest">
    <ignored/>
  </testcase> <!-- @AfterTest tearDown -->
  <testcase name="@AfterTest tearDown" time="0.0" classname="generic.BaseTest">
    <ignored/>
  </testcase> <!-- @AfterTest tearDown -->
  <testcase name="@AfterTest tearDown" time="0.0" classname="generic.BaseTest">
    <ignored/>
  </testcase> <!-- @AfterTest tearDown -->
  <testcase name="@AfterTest tearDown" time="0.0" classname="generic.BaseTest">
    <ignored/>
  </testcase> <!-- @AfterTest tearDown -->
  <testcase name="@AfterTest tearDown" time="0.0" classname="generic.BaseTest">
    <ignored/>
  </testcase> <!-- @AfterTest tearDown -->
  <testcase name="@BeforeSuite reportSetup" time="0.0" classname="generic.BaseTest">
    <ignored/>
  </testcase> <!-- @BeforeSuite reportSetup -->
  <testcase name="@BeforeSuite reportSetup" time="0.0" classname="generic.BaseTest">
    <ignored/>
  </testcase> <!-- @BeforeSuite reportSetup -->
  <testcase name="@BeforeSuite reportSetup" time="0.0" classname="generic.BaseTest">
    <ignored/>
  </testcase> <!-- @BeforeSuite reportSetup -->
  <testcase name="@BeforeSuite reportSetup" time="0.0" classname="generic.BaseTest">
    <ignored/>
  </testcase> <!-- @BeforeSuite reportSetup -->
  <testcase name="@BeforeSuite reportSetup" time="0.0" classname="generic.BaseTest">
    <ignored/>
  </testcase> <!-- @BeforeSuite reportSetup -->
  <testcase name="@BeforeSuite reportSetup" time="0.0" classname="generic.BaseTest">
    <ignored/>
  </testcase> <!-- @BeforeSuite reportSetup -->
  <testcase name="@BeforeTest setup" time="0.0" classname="generic.BaseTest">
    <ignored/>
  </testcase> <!-- @BeforeTest setup -->
  <testcase name="@BeforeTest setup" time="0.0" classname="generic.BaseTest">
    <ignored/>
  </testcase> <!-- @BeforeTest setup -->
  <testcase name="@BeforeTest setup" time="0.0" classname="generic.BaseTest">
    <ignored/>
  </testcase> <!-- @BeforeTest setup -->
  <testcase name="@BeforeTest setup" time="0.0" classname="generic.BaseTest">
    <ignored/>
  </testcase> <!-- @BeforeTest setup -->
  <testcase name="@BeforeTest setup" time="0.0" classname="generic.BaseTest">
    <ignored/>
  </testcase> <!-- @BeforeTest setup -->
  <testcase name="@BeforeTest setup" time="0.0" classname="generic.BaseTest">
    <ignored/>
  </testcase> <!-- @BeforeTest setup -->
  <testcase name="@AfterSuite uninstallApp" time="0.0" classname="generic.BaseTest">
    <ignored/>
  </testcase> <!-- @AfterSuite uninstallApp -->
  <testcase name="@AfterSuite uninstallApp" time="0.0" classname="generic.BaseTest">
    <ignored/>
  </testcase> <!-- @AfterSuite uninstallApp -->
  <testcase name="@AfterSuite uninstallApp" time="0.0" classname="generic.BaseTest">
    <ignored/>
  </testcase> <!-- @AfterSuite uninstallApp -->
  <testcase name="@AfterSuite uninstallApp" time="0.0" classname="generic.BaseTest">
    <ignored/>
  </testcase> <!-- @AfterSuite uninstallApp -->
  <testcase name="@AfterSuite uninstallApp" time="0.0" classname="generic.BaseTest">
    <ignored/>
  </testcase> <!-- @AfterSuite uninstallApp -->
  <testcase name="@AfterSuite uninstallApp" time="0.0" classname="generic.BaseTest">
    <ignored/>
  </testcase> <!-- @AfterSuite uninstallApp -->
</testsuite> <!-- WareHouseAge -->
