<?xml version="1.0" encoding="UTF-8"?>
<!-- Generated by org.testng.reporters.JUnitXMLReporter -->
<testsuite hostname="Supports-MacBook-Pro-4.local" ignored="20" name="Test" tests="6" failures="0" timestamp="2022-07-15T15:36:08 IST" time="136.743" errors="0">
  <testcase name="quickActionMenu" time="48.595" classname="tests.TC2_ValidateQuickActionsTest"/>
  <testcase name="hamBurgerMenu" time="27.676" classname="tests.TC3_ValidateHamBurgerMenuTest"/>
  <testcase name="validateSOA" time="13.418" classname="tests.TC6_ValidateStatementOfAccountTest"/>
  <testcase name="verifyDashBoardStockDetails" time="3.047" classname="tests.TC8_VerifyDashDoard_StockDetails_Test"/>
  <testcase name="validateMyRewards" time="17.02" classname="tests.TC9_ValidateRewards_Test"/>
  <testcase name="validateEditProfile" time="19.49" classname="tests.TC11_ValidateEditProfileTest"/>
  <testcase name="@AfterSuite reportTeardown" time="0.0" classname="ExtentRepo.ExtentReport">
    <ignored/>
  </testcase> <!-- @AfterSuite reportTeardown -->
  <testcase name="@AfterSuite reportTeardown" time="0.0" classname="ExtentRepo.ExtentReport">
    <ignored/>
  </testcase> <!-- @AfterSuite reportTeardown -->
  <testcase name="@AfterSuite reportTeardown" time="0.0" classname="ExtentRepo.ExtentReport">
    <ignored/>
  </testcase> <!-- @AfterSuite reportTeardown -->
  <testcase name="@AfterSuite reportTeardown" time="0.0" classname="ExtentRepo.ExtentReport">
    <ignored/>
  </testcase> <!-- @AfterSuite reportTeardown -->
  <testcase name="@AfterSuite reportTeardown" time="0.0" classname="ExtentRepo.ExtentReport">
    <ignored/>
  </testcase> <!-- @AfterSuite reportTeardown -->
  <testcase name="@BeforeTest setup" time="0.0" classname="generic.BaseTest">
    <ignored/>
  </testcase> <!-- @BeforeTest setup -->
  <testcase name="@BeforeTest setup" time="0.0" classname="generic.BaseTest">
    <ignored/>
  </testcase> <!-- @BeforeTest setup -->
  <testcase name="@BeforeTest setup" time="0.0" classname="generic.BaseTest">
    <ignored/>
  </testcase> <!-- @BeforeTest setup -->
  <testcase name="@BeforeTest setup" time="0.0" classname="generic.BaseTest">
    <ignored/>
  </testcase> <!-- @BeforeTest setup -->
  <testcase name="@BeforeTest setup" time="0.0" classname="generic.BaseTest">
    <ignored/>
  </testcase> <!-- @BeforeTest setup -->
  <testcase name="@BeforeSuite reportSetup" time="0.0" classname="ExtentRepo.ExtentReport">
    <ignored/>
  </testcase> <!-- @BeforeSuite reportSetup -->
  <testcase name="@BeforeSuite reportSetup" time="0.0" classname="ExtentRepo.ExtentReport">
    <ignored/>
  </testcase> <!-- @BeforeSuite reportSetup -->
  <testcase name="@BeforeSuite reportSetup" time="0.0" classname="ExtentRepo.ExtentReport">
    <ignored/>
  </testcase> <!-- @BeforeSuite reportSetup -->
  <testcase name="@BeforeSuite reportSetup" time="0.0" classname="ExtentRepo.ExtentReport">
    <ignored/>
  </testcase> <!-- @BeforeSuite reportSetup -->
  <testcase name="@BeforeSuite reportSetup" time="0.0" classname="ExtentRepo.ExtentReport">
    <ignored/>
  </testcase> <!-- @BeforeSuite reportSetup -->
  <testcase name="@AfterTest teardown" time="0.0" classname="generic.BaseTest">
    <ignored/>
  </testcase> <!-- @AfterTest teardown -->
  <testcase name="@AfterTest teardown" time="0.0" classname="generic.BaseTest">
    <ignored/>
  </testcase> <!-- @AfterTest teardown -->
  <testcase name="@AfterTest teardown" time="0.0" classname="generic.BaseTest">
    <ignored/>
  </testcase> <!-- @AfterTest teardown -->
  <testcase name="@AfterTest teardown" time="0.0" classname="generic.BaseTest">
    <ignored/>
  </testcase> <!-- @AfterTest teardown -->
  <testcase name="@AfterTest teardown" time="0.0" classname="generic.BaseTest">
    <ignored/>
  </testcase> <!-- @AfterTest teardown -->
</testsuite> <!-- Test -->
