<?xml version="1.0" encoding="UTF-8"?>
<testng-results skipped="0" failed="0" ignored="40" total="51" passed="11">
  <reporter-output>
  </reporter-output>
  <suite name="Farmer Regression Suite" duration-ms="220460" started-at="2022-11-30T04:24:04Z" finished-at="2022-11-30T04:27:45Z">
    <groups>
    </groups>
    <test name="Farmer Regression" duration-ms="220220" started-at="2022-11-30T04:24:04Z" finished-at="2022-11-30T04:27:45Z">
      <class name="com.farmer.script.SoilTest.TC_007_ST_OpenTab_SortBy_Oldest_Record_Test">
        <test-method status="PASS" signature="openTab_Sort_By_Old_Request()[pri:0, instance:com.farmer.script.SoilTest.TC_007_ST_OpenTab_SortBy_Oldest_Record_Test@50b472aa]" name="openTab_Sort_By_Old_Request" duration-ms="12401" started-at="2022-11-30T04:25:53Z" finished-at="2022-11-30T04:26:05Z">
          <reporter-output>
          </reporter-output>
        </test-method> <!-- openTab_Sort_By_Old_Request -->
        <test-method status="PASS" signature="getResult(org.testng.ITestResult)[pri:0, instance:com.farmer.script.SoilTest.TC_007_ST_OpenTab_SortBy_Oldest_Record_Test@50b472aa]" name="getResult" is-config="true" duration-ms="2" started-at="2022-11-30T04:26:05Z" finished-at="2022-11-30T04:26:05Z">
          <params>
            <param index="0">
              <value>
                <![CDATA[[TestResult name=openTab_Sort_By_Old_Request status=SUCCESS method=TC_007_ST_OpenTab_SortBy_Oldest_Record_Test.openTab_Sort_By_Old_Request()[pri:0, instance:com.farmer.script.SoilTest.TC_007_ST_OpenTab_SortBy_Oldest_Record_Test@50b472aa] output={null}]]]>
              </value>
            </param>
          </params>
          <reporter-output>
          </reporter-output>
        </test-method> <!-- getResult -->
      </class> <!-- com.farmer.script.SoilTest.TC_007_ST_OpenTab_SortBy_Oldest_Record_Test -->
      <class name="com.farmer.script.SoilTest.TC_005_ST_ViewDetails_ResultReady_HistoryTab_Test">
        <test-method status="PASS" signature="statusResultReady_HistoryTab()[pri:0, instance:com.farmer.script.SoilTest.TC_005_ST_ViewDetails_ResultReady_HistoryTab_Test@3911c2a7]" name="statusResultReady_HistoryTab" duration-ms="10492" started-at="2022-11-30T04:26:37Z" finished-at="2022-11-30T04:26:47Z">
          <reporter-output>
          </reporter-output>
        </test-method> <!-- statusResultReady_HistoryTab -->
        <test-method status="PASS" signature="getResult(org.testng.ITestResult)[pri:0, instance:com.farmer.script.SoilTest.TC_005_ST_ViewDetails_ResultReady_HistoryTab_Test@3911c2a7]" name="getResult" is-config="true" duration-ms="1" started-at="2022-11-30T04:26:47Z" finished-at="2022-11-30T04:26:47Z">
          <params>
            <param index="0">
              <value>
                <![CDATA[[TestResult name=statusResultReady_HistoryTab status=SUCCESS method=TC_005_ST_ViewDetails_ResultReady_HistoryTab_Test.statusResultReady_HistoryTab()[pri:0, instance:com.farmer.script.SoilTest.TC_005_ST_ViewDetails_ResultReady_HistoryTab_Test@3911c2a7] output={null}]]]>
              </value>
            </param>
          </params>
          <reporter-output>
          </reporter-output>
        </test-method> <!-- getResult -->
      </class> <!-- com.farmer.script.SoilTest.TC_005_ST_ViewDetails_ResultReady_HistoryTab_Test -->
      <class name="com.farmer.script.SoilTest.TC_012_ST_HistoryTab_FilterOperation_Test">
        <test-method status="PASS" signature="historyTab_Filter()[pri:0, instance:com.farmer.script.SoilTest.TC_012_ST_HistoryTab_FilterOperation_Test@41e36e46]" name="historyTab_Filter" duration-ms="26187" started-at="2022-11-30T04:27:18Z" finished-at="2022-11-30T04:27:44Z">
          <reporter-output>
          </reporter-output>
        </test-method> <!-- historyTab_Filter -->
        <test-method status="PASS" signature="getResult(org.testng.ITestResult)[pri:0, instance:com.farmer.script.SoilTest.TC_012_ST_HistoryTab_FilterOperation_Test@41e36e46]" name="getResult" is-config="true" duration-ms="4" started-at="2022-11-30T04:27:44Z" finished-at="2022-11-30T04:27:44Z">
          <params>
            <param index="0">
              <value>
                <![CDATA[[TestResult name=historyTab_Filter status=SUCCESS method=TC_012_ST_HistoryTab_FilterOperation_Test.historyTab_Filter()[pri:0, instance:com.farmer.script.SoilTest.TC_012_ST_HistoryTab_FilterOperation_Test@41e36e46] output={null}]]]>
              </value>
            </param>
          </params>
          <reporter-output>
          </reporter-output>
        </test-method> <!-- getResult -->
      </class> <!-- com.farmer.script.SoilTest.TC_012_ST_HistoryTab_FilterOperation_Test -->
      <class name="com.farmer.script.SoilTest.TC_002_ST_Record_HistoryTab_Test">
        <test-method status="PASS" signature="noRequestYet_HistoryTab()[pri:0, instance:com.farmer.script.SoilTest.TC_002_ST_Record_HistoryTab_Test@1817d444]" name="noRequestYet_HistoryTab" duration-ms="29179" started-at="2022-11-30T04:24:52Z" finished-at="2022-11-30T04:25:22Z">
          <reporter-output>
          </reporter-output>
        </test-method> <!-- noRequestYet_HistoryTab -->
        <test-method status="PASS" signature="getResult(org.testng.ITestResult)[pri:0, instance:com.farmer.script.SoilTest.TC_002_ST_Record_HistoryTab_Test@1817d444]" name="getResult" is-config="true" duration-ms="5" started-at="2022-11-30T04:25:22Z" finished-at="2022-11-30T04:25:22Z">
          <params>
            <param index="0">
              <value>
                <![CDATA[[TestResult name=noRequestYet_HistoryTab status=SUCCESS method=TC_002_ST_Record_HistoryTab_Test.noRequestYet_HistoryTab()[pri:0, instance:com.farmer.script.SoilTest.TC_002_ST_Record_HistoryTab_Test@1817d444] output={null}]]]>
              </value>
            </param>
          </params>
          <reporter-output>
          </reporter-output>
        </test-method> <!-- getResult -->
      </class> <!-- com.farmer.script.SoilTest.TC_002_ST_Record_HistoryTab_Test -->
      <class name="com.farmer.script.SoilTest.TC_009_ST_OpenTab_FilterOperation_Test">
        <test-method status="PASS" signature="openTab_Filter()[pri:0, instance:com.farmer.script.SoilTest.TC_009_ST_OpenTab_FilterOperation_Test@1725dc0f]" name="openTab_Filter" duration-ms="26331" started-at="2022-11-30T04:26:10Z" finished-at="2022-11-30T04:26:37Z">
          <reporter-output>
          </reporter-output>
        </test-method> <!-- openTab_Filter -->
        <test-method status="PASS" signature="getResult(org.testng.ITestResult)[pri:0, instance:com.farmer.script.SoilTest.TC_009_ST_OpenTab_FilterOperation_Test@1725dc0f]" name="getResult" is-config="true" duration-ms="3" started-at="2022-11-30T04:26:37Z" finished-at="2022-11-30T04:26:37Z">
          <params>
            <param index="0">
              <value>
                <![CDATA[[TestResult name=openTab_Filter status=SUCCESS method=TC_009_ST_OpenTab_FilterOperation_Test.openTab_Filter()[pri:0, instance:com.farmer.script.SoilTest.TC_009_ST_OpenTab_FilterOperation_Test@1725dc0f] output={null}]]]>
              </value>
            </param>
          </params>
          <reporter-output>
          </reporter-output>
        </test-method> <!-- getResult -->
      </class> <!-- com.farmer.script.SoilTest.TC_009_ST_OpenTab_FilterOperation_Test -->
      <class name="com.farmer.script.SoilTest.TC_004_ST_ViewDetails_OpenTab_Test">
        <test-method status="PASS" signature="viewDetails_OpenTab()[pri:0, instance:com.farmer.script.SoilTest.TC_004_ST_ViewDetails_OpenTab_Test@6ca8564a]" name="viewDetails_OpenTab" duration-ms="31198" started-at="2022-11-30T04:25:22Z" finished-at="2022-11-30T04:25:53Z">
          <reporter-output>
          </reporter-output>
        </test-method> <!-- viewDetails_OpenTab -->
        <test-method status="PASS" signature="getResult(org.testng.ITestResult)[pri:0, instance:com.farmer.script.SoilTest.TC_004_ST_ViewDetails_OpenTab_Test@6ca8564a]" name="getResult" is-config="true" duration-ms="6" started-at="2022-11-30T04:25:53Z" finished-at="2022-11-30T04:25:53Z">
          <params>
            <param index="0">
              <value>
                <![CDATA[[TestResult name=viewDetails_OpenTab status=SUCCESS method=TC_004_ST_ViewDetails_OpenTab_Test.viewDetails_OpenTab()[pri:0, instance:com.farmer.script.SoilTest.TC_004_ST_ViewDetails_OpenTab_Test@6ca8564a] output={null}]]]>
              </value>
            </param>
          </params>
          <reporter-output>
          </reporter-output>
        </test-method> <!-- getResult -->
      </class> <!-- com.farmer.script.SoilTest.TC_004_ST_ViewDetails_OpenTab_Test -->
      <class name="com.farmer.script.SoilTest.TC_011_ST_HistoryTab_SortBy_RecentRecord_Test">
        <test-method status="PASS" signature="historyTab_Sort_By_Recent_Request()[pri:0, instance:com.farmer.script.SoilTest.TC_011_ST_HistoryTab_SortBy_RecentRecord_Test@76508ed1]" name="historyTab_Sort_By_Recent_Request" duration-ms="5337" started-at="2022-11-30T04:27:13Z" finished-at="2022-11-30T04:27:18Z">
          <reporter-output>
          </reporter-output>
        </test-method> <!-- historyTab_Sort_By_Recent_Request -->
        <test-method status="PASS" signature="getResult(org.testng.ITestResult)[pri:0, instance:com.farmer.script.SoilTest.TC_011_ST_HistoryTab_SortBy_RecentRecord_Test@76508ed1]" name="getResult" is-config="true" duration-ms="0" started-at="2022-11-30T04:27:18Z" finished-at="2022-11-30T04:27:18Z">
          <params>
            <param index="0">
              <value>
                <![CDATA[[TestResult name=historyTab_Sort_By_Recent_Request status=SUCCESS method=TC_011_ST_HistoryTab_SortBy_RecentRecord_Test.historyTab_Sort_By_Recent_Request()[pri:0, instance:com.farmer.script.SoilTest.TC_011_ST_HistoryTab_SortBy_RecentRecord_Test@76508ed1] output={null}]]]>
              </value>
            </param>
          </params>
          <reporter-output>
          </reporter-output>
        </test-method> <!-- getResult -->
      </class> <!-- com.farmer.script.SoilTest.TC_011_ST_HistoryTab_SortBy_RecentRecord_Test -->
      <class name="com.farmer.script.SoilTest.TC_010_ST_HistoryTab_SortBy_OldestRecord_Test">
        <test-method status="PASS" signature="historyTab_Sort_By_Old_Request()[pri:0, instance:com.farmer.script.SoilTest.TC_010_ST_HistoryTab_SortBy_OldestRecord_Test@4facf68f]" name="historyTab_Sort_By_Old_Request" duration-ms="12680" started-at="2022-11-30T04:27:00Z" finished-at="2022-11-30T04:27:13Z">
          <reporter-output>
          </reporter-output>
        </test-method> <!-- historyTab_Sort_By_Old_Request -->
        <test-method status="PASS" signature="getResult(org.testng.ITestResult)[pri:0, instance:com.farmer.script.SoilTest.TC_010_ST_HistoryTab_SortBy_OldestRecord_Test@4facf68f]" name="getResult" is-config="true" duration-ms="0" started-at="2022-11-30T04:27:13Z" finished-at="2022-11-30T04:27:13Z">
          <params>
            <param index="0">
              <value>
                <![CDATA[[TestResult name=historyTab_Sort_By_Old_Request status=SUCCESS method=TC_010_ST_HistoryTab_SortBy_OldestRecord_Test.historyTab_Sort_By_Old_Request()[pri:0, instance:com.farmer.script.SoilTest.TC_010_ST_HistoryTab_SortBy_OldestRecord_Test@4facf68f] output={null}]]]>
              </value>
            </param>
          </params>
          <reporter-output>
          </reporter-output>
        </test-method> <!-- getResult -->
      </class> <!-- com.farmer.script.SoilTest.TC_010_ST_HistoryTab_SortBy_OldestRecord_Test -->
      <class name="com.farmer.script.SoilTest.TC_006_ST_ViewDetails_FailedStatus_History_Test">
        <test-method status="PASS" signature="statusFailed_HistoryTab()[pri:0, instance:com.farmer.script.SoilTest.TC_006_ST_ViewDetails_FailedStatus_History_Test@4ac3c60d]" name="statusFailed_HistoryTab" duration-ms="12755" started-at="2022-11-30T04:26:47Z" finished-at="2022-11-30T04:27:00Z">
          <reporter-output>
          </reporter-output>
        </test-method> <!-- statusFailed_HistoryTab -->
        <test-method status="PASS" signature="getResult(org.testng.ITestResult)[pri:0, instance:com.farmer.script.SoilTest.TC_006_ST_ViewDetails_FailedStatus_History_Test@4ac3c60d]" name="getResult" is-config="true" duration-ms="5" started-at="2022-11-30T04:27:00Z" finished-at="2022-11-30T04:27:00Z">
          <params>
            <param index="0">
              <value>
                <![CDATA[[TestResult name=statusFailed_HistoryTab status=SUCCESS method=TC_006_ST_ViewDetails_FailedStatus_History_Test.statusFailed_HistoryTab()[pri:0, instance:com.farmer.script.SoilTest.TC_006_ST_ViewDetails_FailedStatus_History_Test@4ac3c60d] output={null}]]]>
              </value>
            </param>
          </params>
          <reporter-output>
          </reporter-output>
        </test-method> <!-- getResult -->
      </class> <!-- com.farmer.script.SoilTest.TC_006_ST_ViewDetails_FailedStatus_History_Test -->
      <class name="com.farmer.script.SoilTest.TC_008_ST_OpenTab_Recent_Record_Test">
        <test-method status="PASS" signature="openTab_Sort_By_Recent_Request()[pri:0, instance:com.farmer.script.SoilTest.TC_008_ST_OpenTab_Recent_Record_Test@31368b99]" name="openTab_Sort_By_Recent_Request" duration-ms="5024" started-at="2022-11-30T04:26:05Z" finished-at="2022-11-30T04:26:10Z">
          <reporter-output>
          </reporter-output>
        </test-method> <!-- openTab_Sort_By_Recent_Request -->
        <test-method status="PASS" signature="getResult(org.testng.ITestResult)[pri:0, instance:com.farmer.script.SoilTest.TC_008_ST_OpenTab_Recent_Record_Test@31368b99]" name="getResult" is-config="true" duration-ms="0" started-at="2022-11-30T04:26:10Z" finished-at="2022-11-30T04:26:10Z">
          <params>
            <param index="0">
              <value>
                <![CDATA[[TestResult name=openTab_Sort_By_Recent_Request status=SUCCESS method=TC_008_ST_OpenTab_Recent_Record_Test.openTab_Sort_By_Recent_Request()[pri:0, instance:com.farmer.script.SoilTest.TC_008_ST_OpenTab_Recent_Record_Test@31368b99] output={null}]]]>
              </value>
            </param>
          </params>
          <reporter-output>
          </reporter-output>
        </test-method> <!-- getResult -->
      </class> <!-- com.farmer.script.SoilTest.TC_008_ST_OpenTab_Recent_Record_Test -->
      <class name="com.farmer.script.SoilTest.TC_001_ST_No_Request_Yet_Test">
        <test-method status="PASS" signature="setup()[pri:0, instance:com.farmer.script.SoilTest.TC_001_ST_No_Request_Yet_Test@50a638b5]" name="setup" is-config="true" duration-ms="8285" started-at="2022-11-30T04:24:04Z" finished-at="2022-11-30T04:24:13Z">
          <reporter-output>
          </reporter-output>
        </test-method> <!-- setup -->
        <test-method status="PASS" signature="noRequestYet_OpenTab()[pri:0, instance:com.farmer.script.SoilTest.TC_001_ST_No_Request_Yet_Test@50a638b5]" name="noRequestYet_OpenTab" duration-ms="39686" started-at="2022-11-30T04:24:13Z" finished-at="2022-11-30T04:24:52Z">
          <reporter-output>
          </reporter-output>
        </test-method> <!-- noRequestYet_OpenTab -->
        <test-method status="PASS" signature="getResult(org.testng.ITestResult)[pri:0, instance:com.farmer.script.SoilTest.TC_001_ST_No_Request_Yet_Test@50a638b5]" name="getResult" is-config="true" duration-ms="3" started-at="2022-11-30T04:24:52Z" finished-at="2022-11-30T04:24:52Z">
          <params>
            <param index="0">
              <value>
                <![CDATA[[TestResult name=noRequestYet_OpenTab status=SUCCESS method=TC_001_ST_No_Request_Yet_Test.noRequestYet_OpenTab()[pri:0, instance:com.farmer.script.SoilTest.TC_001_ST_No_Request_Yet_Test@50a638b5] output={null}]]]>
              </value>
            </param>
          </params>
          <reporter-output>
          </reporter-output>
        </test-method> <!-- getResult -->
        <test-method status="PASS" signature="tearDown()[pri:0, instance:com.farmer.script.SoilTest.TC_001_ST_No_Request_Yet_Test@50a638b5]" name="tearDown" is-config="true" duration-ms="499" started-at="2022-11-30T04:27:44Z" finished-at="2022-11-30T04:27:45Z">
          <reporter-output>
          </reporter-output>
        </test-method> <!-- tearDown -->
      </class> <!-- com.farmer.script.SoilTest.TC_001_ST_No_Request_Yet_Test -->
    </test> <!-- Farmer Regression -->
    <test name="Farmer Regression2" duration-ms="1" started-at="2022-11-30T04:27:45Z" finished-at="2022-11-30T04:27:45Z">
      <class name="com.farmer.script.SoilTest.TC_001_ST_No_Request_Yet_Test">
        <test-method status="PASS" signature="reportSetup()[pri:0, instance:com.farmer.script.SoilTest.TC_001_ST_No_Request_Yet_Test@50a638b5]" name="reportSetup" is-config="true" duration-ms="263" started-at="2022-11-30T04:24:04Z" finished-at="2022-11-30T04:24:04Z">
          <reporter-output>
          </reporter-output>
        </test-method> <!-- reportSetup -->
        <test-method status="PASS" signature="uninstallApp()[pri:0, instance:com.farmer.script.SoilTest.TC_001_ST_No_Request_Yet_Test@50a638b5]" name="uninstallApp" is-config="true" duration-ms="535" started-at="2022-11-30T04:27:45Z" finished-at="2022-11-30T04:27:45Z">
          <reporter-output>
          </reporter-output>
        </test-method> <!-- uninstallApp -->
      </class> <!-- com.farmer.script.SoilTest.TC_001_ST_No_Request_Yet_Test -->
    </test> <!-- Farmer Regression2 -->
  </suite> <!-- Farmer Regression Suite -->
</testng-results>
